Arguments: 
  /home/redfox/.nvm/versions/node/v16.13.0/bin/node /home/redfox/.npm-global/bin/yarn init @eslint/config

PATH: 
  /home/redfox/.nvm/versions/node/v16.13.0/bin:/home/redfox/.zinit/polaris/bin:/home/redfox/.npm-global/bin:/home/redfox/.local/bin:/usr/local/sbin:/usr/local/bin:/usr/sbin:/usr/bin:/sbin:/bin:/usr/games:/usr/local/games:/snap/bin:/home/redfox/Android/sdk/emulator:/home/redfox/Android/sdk/tools:/home/redfox/Android/sdk/tools/bin:/home/redfox/Android/sdk/platform-tools:/home/redfox/.fzf/bin

Yarn version: 
  1.22.10

Node version: 
  16.13.0

Platform: 
  linux x64

Trace: 
  Error: canceled
      at Interface.<anonymous> (/home/redfox/.npm-global/lib/node_modules/yarn/lib/cli.js:136216:13)
      at Interface.emit (node:events:390:28)
      at Interface._ttyWrite (node:readline:1081:16)
      at ReadStream.onkeypress (node:readline:288:10)
      at ReadStream.emit (node:events:390:28)
      at emitKeys (node:internal/readline/utils:358:14)
      at emitKeys.next (<anonymous>)
      at ReadStream.onData (node:internal/readline/emitKeypressEvents:61:36)
      at ReadStream.emit (node:events:390:28)
      at addChunk (node:internal/streams/readable:315:12)

npm manifest: 
  {
  	"private": true,
  	"license": "MIT",
  	"scripts": {
  		"start": "clear && tsc ./index.ts && node ./index.js"
  	},
  	"dependencies": {
  		"@types/node": "^18.7.8",
  		"typescript": "^4.7.4"
  	}
  }

yarn manifest: 
  No manifest

Lockfile: 
  # THIS IS AN AUTOGENERATED FILE. DO NOT EDIT THIS FILE DIRECTLY.
  # yarn lockfile v1
  
  
  "@types/node@^18.7.8":
    version "18.7.8"
    resolved "https://registry.yarnpkg.com/@types/node/-/node-18.7.8.tgz#6bbf2be6fbf9c187a5040d4277d24a06a18957a1"
    integrity sha512-/YP55EMK2341JkODUb8DM9O0x1SIz2aBvyF33Uf1c76St3VpsMXEIW0nxuKkq/5cxnbz0RD9cfwNZHEAZQD3ag==
  
  typescript@^4.7.4:
    version "4.7.4"
    resolved "https://registry.yarnpkg.com/typescript/-/typescript-4.7.4.tgz#1a88596d1cf47d59507a1bcdfb5b9dfe4d488235"
    integrity sha512-C0WQT0gezHuw6AdY1M2jxUO83Rjf0HP7Sk1DtXj6j1EwkQNZrHAg2XPWlq62oqEhYvONq5pkC2Y9oPljWToLmQ==
